C51 COMPILER V9.54   MAIN                                                                  06/24/2022 15:36:08 PAGE 1   


C51 COMPILER V9.54, COMPILATION OF MODULE MAIN
OBJECT MODULE PLACED IN .\Obj\main.obj
COMPILER INVOKED BY: H:\keil51\C51\BIN\C51.EXE User\main.c OPTIMIZE(8,SPEED) BROWSE INCDIR(.\App\24c02;.\App\iic;.\App\k
                    -ey;.\App\smg;.\Public;.\App\ds18b20;.\App\beep;.\App\time;.\App\lcd1602) DEBUG OBJECTEXTEND PRINT(.\Obj\main.lst) TABS(2
                    -) OBJECT(.\Obj\main.obj)

line level    source

   1          #include "math.h"
   2          #include"reg52.h"
   3          #include "public.h"
   4          #include "key.h"
   5          #include "beep.h"
   6          #include "lcd1602.h"
   7          #include "time.h"
   8          #include "time1.h"
   9          #define GPIO_KEY P1
  10          unsigned int KeyValue;
  11          
  12          void KeyDown(void)
  13          { char i =0;
  14   1      GPIO_KEY=0x0f; 
  15   1       if(GPIO_KEY!=0x0f)
  16   1         { 
  17   2            if(GPIO_KEY!=0x0f)
  18   2              { GPIO_KEY=0X0F;
  19   3                 switch(GPIO_KEY) 
  20   3                   { case(0X07): KeyValue=1;break;
  21   4                     case(0X0b): KeyValue=2;break; 
  22   4                     case(0X0d): KeyValue=3;break; 
  23   4                     case(0X0e): KeyValue=4;break; }
  24   3           GPIO_KEY=0XF0;
  25   3         switch(GPIO_KEY) 
  26   3          { case(0X70): KeyValue=KeyValue;break; 
  27   4            case(0Xb0): KeyValue=KeyValue+4;break; 
  28   4            case(0Xd0): KeyValue=KeyValue+8;break;
  29   4            case(0Xe0): KeyValue=KeyValue+12;break; }
  30   3          } 
  31   2         }
  32   1      
  33   1       }
  34          void main()
  35          {
  36   1        
  37   1        u8 key=0;
  38   1        u8 time_buf[9];
  39   1        u8 time1_buf[9];
  40   1        u8 time_flag=0;
  41   1        u8 time1_flag=0;
  42   1        u8 naozhong =0;
  43   1          u8   gdmin=10;
  44   1          u8  gdshi=10;
  45   1        u8  gdsec=10;
  46   1        u8 gdmsec=10;
  47   1      u8 naozhongset=0;
  48   1        lcd1602_init();
  49   1        time0_init();
  50   1        time1_init();
  51   1        while(1)
  52   1        {
  53   2          key=key_scan(0);
C51 COMPILER V9.54   MAIN                                                                  06/24/2022 15:36:08 PAGE 2   

  54   2          KeyDown();
  55   2           switch(KeyValue)
  56   2                  {
  57   3                        case 1:gshi++;if(gshi>=24)gshi=0;KeyValue=0;delay_ms(100); break;
  58   3                        case 2:if(gshi==0)gshi=24;gshi--;KeyValue=0;delay_ms(100); break;
  59   3                        case 3:gmin++;if(gmin>=60)gmin=0;KeyValue=0;delay_ms(100); break;
  60   3                        case 4:if(gmin==0)gmin=60;gmin--;KeyValue=0;delay_ms(100); break;
  61   3                        case 5:gshi1++;if(gshi1>=24)gshi1=0;KeyValue=0;delay_ms(100); break;
  62   3                        case 6:if(gshi1==0)gshi1=24;gshi1--;KeyValue=0;delay_ms(100); break;
  63   3                        case 7:gmin1++;if(gmin1>=60)gmin1=0;KeyValue=0;delay_ms(100); break;
  64   3                        case 8:if(gmin1==0)gmin1=60;gmin1--;KeyValue=0;delay_ms(100); break;
  65   3                        default:break;
  66   3                        }
  67   2          if(key==1)//开始和停止计时
  68   2          {
  69   3            time_flag=!time_flag;
  70   3            beep_alarm(1000,10);//短暂提示音 
  71   3          } 
  72   2          else if(key==KEY2_PRESS)//清除计时
  73   2          {
  74   3            time0_stop();
  75   3            time_flag=0;
  76   3            gmin=0;
  77   3            gsec=0;
  78   3            gmsec=0;
  79   3            gshi=0;
  80   3            naozhong =0;
  81   3            beep_alarm(1000,10);//短暂提示音    
  82   3          }
  83   2         else if(key==KEY3_PRESS)
  84   2          {   gdshi+=abs(gshi-gshi1)-10; 
  85   3            gdmin+=abs(gmin-gmin1)-10;
  86   3          
  87   3            gdsec+=abs(gsec-gsec1)-10;
  88   3            
  89   3            if(gdsec!=0)
  90   3            {gdmin-=1;
  91   4              gdsec=60-gdsec;}
  92   3              if(gdmin!=0)
  93   3            {
  94   4              gdshi-=1;
  95   4              gdmin=60-gdmin+gmin1;}
  96   3            
  97   3            gmin1=0;
  98   3            gsec1=0;
  99   3            gmsec1=0;
 100   3            gshi1=0;
 101   3            beep_alarm(1000,10);
 102   3            lcd1602_show_string(5,1,"alarm");
 103   3              time1_flag=!time1_flag;
 104   3            naozhong=!naozhong;
 105   3              
 106   3            if(naozhong)
 107   3            {lcd1602_show_string(0,1,"on!");}
 108   3            else
 109   3            {lcd1602_show_string(0,1,"off");}
 110   3            }
 111   2           if(key==KEY4_PRESS)
 112   2           {naozhongset=!naozhongset;}
 113   2            
 114   2            if(naozhongset)
 115   2           {lcd1602_show_string(5,1,"alarm");
C51 COMPILER V9.54   MAIN                                                                  06/24/2022 15:36:08 PAGE 3   

 116   3             time1_buf[0]=gshi1/10+0x30;
 117   3          time1_buf[1]=gshi1%10+0x30;//分
 118   3          time1_buf[2]=':';//
 119   3          time1_buf[3]=gmin1/10+0x30;
 120   3          time1_buf[4]=gmin1%10+0x30;//秒
 121   3          time1_buf[5]=':';//
 122   3          time1_buf[6]=gsec1/10+0x30;
 123   3          time1_buf[7]=gsec1%10+0x30;//毫秒
 124   3          time1_buf[8]='\0';
 125   3          lcd1602_show_string(0,0,time1_buf);//显}
 126   3           }
 127   2           else{
 128   3             lcd1602_show_string(5,1,"clock");
 129   3             time_buf[0]=gshi/10+0x30;
 130   3          time_buf[1]=gshi%10+0x30;//分
 131   3          time_buf[2]=':';//-
 132   3          time_buf[3]=gmin/10+0x30;
 133   3          time_buf[4]=gmin%10+0x30;//秒
 134   3          time_buf[5]=':';//-
 135   3          time_buf[6]=gsec/10+0x30;
 136   3          time_buf[7]=gsec%10+0x30;//毫秒
 137   3          time_buf[8]='\0';
 138   3          lcd1602_show_string(0,0,time_buf);}
 139   2            
 140   2          
 141   2          
 142   2          if(gshi1==gdshi&&gdmin==gmin1&&gdsec==gsec1)
 143   2            {if(naozhong) 
 144   3              {beep_alarm(100000,10);
 145   4                 lcd1602_show_string(0,1,"off");
 146   4      
 147   4                time0_stop();
 148   4                naozhong=0;
 149   4                 time1_flag=!time1_flag;
 150   4                gmin1=0;
 151   4                gsec1=0; } 
 152   3              }
 153   2            
 154   2          if(time_flag)  
 155   2            {time0_start();//开始计时
 156   3               }
 157   2          else
 158   2            {time0_stop();
 159   3        }//停止计时 
 160   2          if(time1_flag)  
 161   2            {time1_start();//开始计时
 162   3               }
 163   2          else
 164   2          {time1_stop();//停止计时  
 165   3      }
 166   2      }
 167   1      }


MODULE INFORMATION:   STATIC OVERLAYABLE
   CODE SIZE        =    865    ----
   CONSTANT SIZE    =     20    ----
   XDATA SIZE       =   ----    ----
   PDATA SIZE       =   ----    ----
   DATA SIZE        =      2      28
   IDATA SIZE       =   ----    ----
   BIT SIZE         =   ----    ----
C51 COMPILER V9.54   MAIN                                                                  06/24/2022 15:36:08 PAGE 4   

END OF MODULE INFORMATION.


C51 COMPILATION COMPLETE.  0 WARNING(S),  0 ERROR(S)
