C51 COMPILER V9.54   TIME1                                                                 06/24/2022 15:36:09 PAGE 1   


C51 COMPILER V9.54, COMPILATION OF MODULE TIME1
OBJECT MODULE PLACED IN .\Obj\time1.obj
COMPILER INVOKED BY: H:\keil51\C51\BIN\C51.EXE time1.c OPTIMIZE(8,SPEED) BROWSE INCDIR(.\App\24c02;.\App\iic;.\App\key;.
                    -\App\smg;.\Public;.\App\ds18b20;.\App\beep;.\App\time;.\App\lcd1602) DEBUG OBJECTEXTEND PRINT(.\Obj\time1.lst) TABS(2) O
                    -BJECT(.\Obj\time1.obj)

line level    source

   1          #include "time1.h"
   2          
   3          //变量定义
   4          u8 gmsec1=0;//ms级定义
   5          u8 gsec1=0;//秒定义
   6          u8 gmin1=0;//分定义
   7          u8 gshi1=0;
   8          
   9          /*******************************************************************************
  10          * 函 数 名       : time0_init
  11          * 函数功能     : 定时器0中断配置函数，通过设置TH和TL即可确定定时时间
  12          * 输    入       : 无
  13          * 输    出       : 无
  14          *******************************************************************************/
  15          void time1_init(void)
  16          {
  17   1        TMOD|=0X10;//选择为定时器0模式，工作方式1
  18   1        TH1=0XDC; //给定时器赋初值，定时10ms
  19   1        TL1=0X00; 
  20   1        ET1=1;//打开定时器1中断允许
  21   1        EA=1;//打开总中断
  22   1        TR1=0;//关闭定时器    
  23   1      }
  24          
  25          /*******************************************************************************
  26          * 函 数 名       : time0_start
  27          * 函数功能     : 定时器0打开
  28          * 输    入       : 无
  29          * 输    出       : 无
  30          *******************************************************************************/
  31          void time1_start(void)
  32          {
  33   1        TR1=1;//打开定时器  
  34   1      }
  35          
  36          /*******************************************************************************
  37          * 函 数 名       : time0_stop
  38          * 函数功能     : 定时器0关闭
  39          * 输    入       : 无
  40          * 输    出       : 无
  41          *******************************************************************************/
  42          void time1_stop(void)
  43          {
  44   1        TR1=0;//关闭定时器
  45   1        TH1=0X00;
  46   1        TL1=0X00; 
  47   1      }
  48          
  49          void time1() interrupt 3 //定时器0中断函数
  50          {
  51   1        TH1=0XDC; //给定时器赋初值，定时10ms
  52   1        TL1=0X00;
  53   1        gmsec1++;//10ms加1次
C51 COMPILER V9.54   TIME1                                                                 06/24/2022 15:36:09 PAGE 2   

  54   1        if(gmsec1==100)//定时1秒
  55   1        {
  56   2          gmsec1=0;
  57   2          gsec1++;//对秒计数
  58   2          if(gsec1==60)//到达60秒，即1分钟
  59   2          {
  60   3            gsec1=0;
  61   3            gmin1++;//对分计数
  62   3            if(gmin1==60)
  63   3              {gmin1=0;
  64   4               gshi1++;
  65   4               if(gshi1==24) gshi1 =0;     }
  66   3          } 
  67   2        }         
  68   1      }


MODULE INFORMATION:   STATIC OVERLAYABLE
   CODE SIZE        =     82    ----
   CONSTANT SIZE    =   ----    ----
   XDATA SIZE       =   ----    ----
   PDATA SIZE       =   ----    ----
   DATA SIZE        =      4    ----
   IDATA SIZE       =   ----    ----
   BIT SIZE         =   ----    ----
END OF MODULE INFORMATION.


C51 COMPILATION COMPLETE.  0 WARNING(S),  0 ERROR(S)
